This file contains any messages produced by compilers while
running configure, to aid debugging if configure makes a mistake.

It was created by tslib configure 0.0.2, which was
generated by GNU Autoconf 2.61.  Invocation command line was

  $ ./configure -host=arm-linux -target=arm-linux -enable-static=yes -prefix=/home/ccwang/910BSP/W90XXXXBSP20080325/TestApp/gui/tslib-1.0/install

## --------- ##
## Platform. ##
## --------- ##

hostname = ccwang-laptop
uname -m = i686
uname -r = 2.6.22-14-generic
uname -s = Linux
uname -v = #1 SMP Tue Feb 12 07:42:25 UTC 2008

/usr/bin/uname -p = unknown
/bin/uname -X     = unknown

/bin/arch              = unknown
/usr/bin/arch -k       = unknown
/usr/convex/getsysinfo = unknown
/usr/bin/hostinfo      = unknown
/bin/machine           = unknown
/usr/bin/oslevel       = unknown
/bin/universe          = unknown

PATH: /usr/local/arm_linux_4.2/bin
PATH: /usr/local/arm_tools/bin
PATH: /usr/local/sbin
PATH: /usr/local/bin
PATH: /usr/sbin
PATH: /usr/bin
PATH: /sbin
PATH: /bin
PATH: /usr/games


## ----------- ##
## Core tests. ##
## ----------- ##

configure:2039: checking for a BSD-compatible install
configure:2095: result: /usr/bin/install -c
configure:2106: checking whether build environment is sane
configure:2149: result: yes
configure:2214: checking for gawk
configure:2244: result: no
configure:2214: checking for mawk
configure:2230: found /usr/bin/mawk
configure:2241: result: mawk
configure:2252: checking whether make sets $(MAKE)
configure:2273: result: yes
configure:2349: checking for arm-linux-strip
configure:2365: found /usr/local/arm_linux_4.2/bin/arm-linux-strip
configure:2376: result: arm-linux-strip
configure:2486: checking for arm-linux-g++
configure:2502: found /usr/local/arm_linux_4.2/bin/arm-linux-g++
configure:2513: result: arm-linux-g++
configure:2588: checking for C++ compiler version
configure:2595: arm-linux-g++ --version >&5
arm-linux-g++ (GCC) 4.2.1
Copyright (C) 2007 Free Software Foundation, Inc.
This is free software; see the source for copying conditions.  There is NO
warranty; not even for MERCHANTABILITY or FITNESS FOR A PARTICULAR PURPOSE.

configure:2598: $? = 0
configure:2605: arm-linux-g++ -v >&5
Using built-in specs.
Target: arm-none-linux-gnueabi
Configured with: ../configure --prefix=/usr/local/arm_linux_4.2 --target=arm-none-linux-gnueabi --enable-languages=c,c++ --with-gnu-ld --with-gnu-as --disable-nls --with-float=soft
Thread model: posix
gcc version 4.2.1
configure:2608: $? = 0
configure:2615: arm-linux-g++ -V >&5
arm-linux-g++: '-V' option must have argument
configure:2618: $? = 1
configure:2641: checking for C++ compiler default output file name
configure:2668: arm-linux-g++    conftest.cpp  >&5
configure:2671: $? = 0
configure:2709: result: a.out
configure:2726: checking whether the C++ compiler works
configure:2736: ./a.out
./configure: line 2737: ./a.out: cannot execute binary file
configure:2739: $? = 126
configure:2756: result: yes
configure:2763: checking whether we are cross compiling
configure:2765: result: yes
configure:2768: checking for suffix of executables
configure:2775: arm-linux-g++ -o conftest    conftest.cpp  >&5
configure:2778: $? = 0
configure:2802: result: 
configure:2808: checking for suffix of object files
configure:2834: arm-linux-g++ -c   conftest.cpp >&5
configure:2837: $? = 0
configure:2860: result: o
configure:2864: checking whether we are using the GNU C++ compiler
configure:2893: arm-linux-g++ -c   conftest.cpp >&5
configure:2899: $? = 0
configure:2916: result: yes
configure:2921: checking whether arm-linux-g++ accepts -g
configure:2951: arm-linux-g++ -c -g  conftest.cpp >&5
configure:2957: $? = 0
configure:3056: result: yes
configure:3090: checking for style of include used by make
configure:3118: result: GNU
configure:3146: checking dependency style of arm-linux-g++
configure:3236: result: gcc3
configure:3261: checking for arm-linux-gcc
configure:3288: result: /usr/local/arm_linux_4.2/bin/arm-linux-gcc -static
configure:3566: checking for C compiler version
configure:3573: /usr/local/arm_linux_4.2/bin/arm-linux-gcc -static --version >&5
arm-linux-gcc (GCC) 4.2.1
Copyright (C) 2007 Free Software Foundation, Inc.
This is free software; see the source for copying conditions.  There is NO
warranty; not even for MERCHANTABILITY or FITNESS FOR A PARTICULAR PURPOSE.

configure:3576: $? = 0
configure:3583: /usr/local/arm_linux_4.2/bin/arm-linux-gcc -static -v >&5
Using built-in specs.
Target: arm-none-linux-gnueabi
Configured with: ../configure --prefix=/usr/local/arm_linux_4.2 --target=arm-none-linux-gnueabi --enable-languages=c,c++ --with-gnu-ld --with-gnu-as --disable-nls --with-float=soft
Thread model: posix
gcc version 4.2.1
configure:3586: $? = 0
configure:3593: /usr/local/arm_linux_4.2/bin/arm-linux-gcc -static -V >&5
arm-linux-gcc: '-V' must come at the start of the command line
configure:3596: $? = 1
configure:3599: checking whether we are using the GNU C compiler
configure:3628: /usr/local/arm_linux_4.2/bin/arm-linux-gcc -static -c -O2 -Wall -W  conftest.c >&5
configure:3634: $? = 0
configure:3651: result: yes
configure:3656: checking whether /usr/local/arm_linux_4.2/bin/arm-linux-gcc -static accepts -g
configure:3686: /usr/local/arm_linux_4.2/bin/arm-linux-gcc -static -c -g  conftest.c >&5
configure:3692: $? = 0
configure:3791: result: yes
configure:3808: checking for /usr/local/arm_linux_4.2/bin/arm-linux-gcc -static option to accept ISO C89
configure:3882: /usr/local/arm_linux_4.2/bin/arm-linux-gcc -static  -c -O2 -Wall -W  conftest.c >&5
configure:3888: $? = 0
configure:3911: result: none needed
configure:3931: checking dependency style of /usr/local/arm_linux_4.2/bin/arm-linux-gcc -static
configure:4021: result: gcc3
configure:4043: checking how to run the C preprocessor
configure:4083: /usr/local/arm_linux_4.2/bin/arm-linux-gcc -static -E  conftest.c
configure:4089: $? = 0
configure:4120: /usr/local/arm_linux_4.2/bin/arm-linux-gcc -static -E  conftest.c
conftest.c:10:28: error: ac_nonexistent.h: No such file or directory
configure:4126: $? = 1
configure: failed program was:
| /* confdefs.h.  */
| #define PACKAGE_NAME "tslib"
| #define PACKAGE_TARNAME "tslib"
| #define PACKAGE_VERSION "0.0.2"
| #define PACKAGE_STRING "tslib 0.0.2"
| #define PACKAGE_BUGREPORT "kergoth@handhelds.org"
| #define PACKAGE "tslib"
| #define VERSION "0.0.2"
| /* end confdefs.h.  */
| #include <ac_nonexistent.h>
configure:4159: result: /usr/local/arm_linux_4.2/bin/arm-linux-gcc -static -E
configure:4188: /usr/local/arm_linux_4.2/bin/arm-linux-gcc -static -E  conftest.c
configure:4194: $? = 0
configure:4225: /usr/local/arm_linux_4.2/bin/arm-linux-gcc -static -E  conftest.c
conftest.c:10:28: error: ac_nonexistent.h: No such file or directory
configure:4231: $? = 1
configure: failed program was:
| /* confdefs.h.  */
| #define PACKAGE_NAME "tslib"
| #define PACKAGE_TARNAME "tslib"
| #define PACKAGE_VERSION "0.0.2"
| #define PACKAGE_STRING "tslib 0.0.2"
| #define PACKAGE_BUGREPORT "kergoth@handhelds.org"
| #define PACKAGE "tslib"
| #define VERSION "0.0.2"
| /* end confdefs.h.  */
| #include <ac_nonexistent.h>
configure:4272: checking whether the C compiler supports -fvisibility=hidden
configure:4299: /usr/local/arm_linux_4.2/bin/arm-linux-gcc -static -c -fvisibility=hidden -O2 -Wall -W  conftest.c >&5
configure:4305: $? = 0
configure:4321: result: yes
configure:4329: checking whether to use -fvisibility=hidden
configure:4342: result: yes
configure:4364: checking for a BSD-compatible install
configure:4420: result: /usr/bin/install -c
configure:4431: checking whether ln -s works
configure:4435: result: yes
configure:4442: checking whether make sets $(MAKE)
configure:4463: result: yes
configure:4553: checking build system type
configure:4571: result: i686-pc-linux-gnu
configure:4593: checking host system type
configure:4608: result: arm-unknown-linux-gnu
configure:4630: checking for a sed that does not truncate output
configure:4686: result: /bin/sed
configure:4689: checking for grep that handles long lines and -e
configure:4763: result: /bin/grep
configure:4768: checking for egrep
configure:4846: result: /bin/grep -E
configure:4862: checking for ld used by /usr/local/arm_linux_4.2/bin/arm-linux-gcc -static
configure:4929: result: /usr/local/arm_linux_4.2/arm-none-linux-gnueabi/bin/ld
configure:4938: checking if the linker (/usr/local/arm_linux_4.2/arm-none-linux-gnueabi/bin/ld) is GNU ld
configure:4953: result: yes
configure:4958: checking for /usr/local/arm_linux_4.2/arm-none-linux-gnueabi/bin/ld option to reload object files
configure:4965: result: -r
configure:4983: checking for BSD-compatible nm
configure:5032: result: /usr/local/arm_linux_4.2/bin/arm-linux-nm -B
configure:5036: checking how to recognize dependent libraries
configure:5222: result: pass_all
configure:5458: checking for ANSI C header files
configure:5488: /usr/local/arm_linux_4.2/bin/arm-linux-gcc -static -c -DGCC_HASCLASSVISIBILITY -O2 -Wall -W  conftest.c >&5
configure:5494: $? = 0
configure:5622: result: yes
configure:5646: checking for sys/types.h
configure:5667: /usr/local/arm_linux_4.2/bin/arm-linux-gcc -static -c -DGCC_HASCLASSVISIBILITY -O2 -Wall -W  conftest.c >&5
configure:5673: $? = 0
configure:5689: result: yes
configure:5646: checking for sys/stat.h
configure:5667: /usr/local/arm_linux_4.2/bin/arm-linux-gcc -static -c -DGCC_HASCLASSVISIBILITY -O2 -Wall -W  conftest.c >&5
configure:5673: $? = 0
configure:5689: result: yes
configure:5646: checking for stdlib.h
configure:5667: /usr/local/arm_linux_4.2/bin/arm-linux-gcc -static -c -DGCC_HASCLASSVISIBILITY -O2 -Wall -W  conftest.c >&5
configure:5673: $? = 0
configure:5689: result: yes
configure:5646: checking for string.h
configure:5667: /usr/local/arm_linux_4.2/bin/arm-linux-gcc -static -c -DGCC_HASCLASSVISIBILITY -O2 -Wall -W  conftest.c >&5
configure:5673: $? = 0
configure:5689: result: yes
configure:5646: checking for memory.h
configure:5667: /usr/local/arm_linux_4.2/bin/arm-linux-gcc -static -c -DGCC_HASCLASSVISIBILITY -O2 -Wall -W  conftest.c >&5
configure:5673: $? = 0
configure:5689: result: yes
configure:5646: checking for strings.h
configure:5667: /usr/local/arm_linux_4.2/bin/arm-linux-gcc -static -c -DGCC_HASCLASSVISIBILITY -O2 -Wall -W  conftest.c >&5
configure:5673: $? = 0
configure:5689: result: yes
configure:5646: checking for inttypes.h
configure:5667: /usr/local/arm_linux_4.2/bin/arm-linux-gcc -static -c -DGCC_HASCLASSVISIBILITY -O2 -Wall -W  conftest.c >&5
configure:5673: $? = 0
configure:5689: result: yes
configure:5646: checking for stdint.h
configure:5667: /usr/local/arm_linux_4.2/bin/arm-linux-gcc -static -c -DGCC_HASCLASSVISIBILITY -O2 -Wall -W  conftest.c >&5
configure:5673: $? = 0
configure:5689: result: yes
configure:5646: checking for unistd.h
configure:5667: /usr/local/arm_linux_4.2/bin/arm-linux-gcc -static -c -DGCC_HASCLASSVISIBILITY -O2 -Wall -W  conftest.c >&5
configure:5673: $? = 0
configure:5689: result: yes
configure:5716: checking dlfcn.h usability
configure:5733: /usr/local/arm_linux_4.2/bin/arm-linux-gcc -static -c -DGCC_HASCLASSVISIBILITY -O2 -Wall -W  conftest.c >&5
configure:5739: $? = 0
configure:5753: result: yes
configure:5757: checking dlfcn.h presence
configure:5772: /usr/local/arm_linux_4.2/bin/arm-linux-gcc -static -E  conftest.c
configure:5778: $? = 0
configure:5792: result: yes
configure:5825: checking for dlfcn.h
configure:5833: result: yes
configure:5856: checking how to run the C++ preprocessor
configure:5892: arm-linux-g++ -E  conftest.cpp
configure:5898: $? = 0
configure:5929: arm-linux-g++ -E  conftest.cpp
conftest.cpp:21:28: error: ac_nonexistent.h: No such file or directory
configure:5935: $? = 1
configure: failed program was:
| /* confdefs.h.  */
| #define PACKAGE_NAME "tslib"
| #define PACKAGE_TARNAME "tslib"
| #define PACKAGE_VERSION "0.0.2"
| #define PACKAGE_STRING "tslib 0.0.2"
| #define PACKAGE_BUGREPORT "kergoth@handhelds.org"
| #define PACKAGE "tslib"
| #define VERSION "0.0.2"
| #define STDC_HEADERS 1
| #define HAVE_SYS_TYPES_H 1
| #define HAVE_SYS_STAT_H 1
| #define HAVE_STDLIB_H 1
| #define HAVE_STRING_H 1
| #define HAVE_MEMORY_H 1
| #define HAVE_STRINGS_H 1
| #define HAVE_INTTYPES_H 1
| #define HAVE_STDINT_H 1
| #define HAVE_UNISTD_H 1
| #define HAVE_DLFCN_H 1
| /* end confdefs.h.  */
| #include <ac_nonexistent.h>
configure:5968: result: arm-linux-g++ -E
configure:5997: arm-linux-g++ -E  conftest.cpp
configure:6003: $? = 0
configure:6034: arm-linux-g++ -E  conftest.cpp
conftest.cpp:21:28: error: ac_nonexistent.h: No such file or directory
configure:6040: $? = 1
configure: failed program was:
| /* confdefs.h.  */
| #define PACKAGE_NAME "tslib"
| #define PACKAGE_TARNAME "tslib"
| #define PACKAGE_VERSION "0.0.2"
| #define PACKAGE_STRING "tslib 0.0.2"
| #define PACKAGE_BUGREPORT "kergoth@handhelds.org"
| #define PACKAGE "tslib"
| #define VERSION "0.0.2"
| #define STDC_HEADERS 1
| #define HAVE_SYS_TYPES_H 1
| #define HAVE_SYS_STAT_H 1
| #define HAVE_STDLIB_H 1
| #define HAVE_STRING_H 1
| #define HAVE_MEMORY_H 1
| #define HAVE_STRINGS_H 1
| #define HAVE_INTTYPES_H 1
| #define HAVE_STDINT_H 1
| #define HAVE_UNISTD_H 1
| #define HAVE_DLFCN_H 1
| /* end confdefs.h.  */
| #include <ac_nonexistent.h>
configure:6089: checking for arm-linux-g77
configure:6119: result: no
configure:6089: checking for arm-linux-xlf
configure:6119: result: no
configure:6089: checking for arm-linux-f77
configure:6119: result: no
configure:6089: checking for arm-linux-frt
configure:6119: result: no
configure:6089: checking for arm-linux-pgf77
configure:6119: result: no
configure:6089: checking for arm-linux-cf77
configure:6119: result: no
configure:6089: checking for arm-linux-fort77
configure:6119: result: no
configure:6089: checking for arm-linux-fl32
configure:6119: result: no
configure:6089: checking for arm-linux-af77
configure:6119: result: no
configure:6089: checking for arm-linux-xlf90
configure:6119: result: no
configure:6089: checking for arm-linux-f90
configure:6119: result: no
configure:6089: checking for arm-linux-pgf90
configure:6119: result: no
configure:6089: checking for arm-linux-pghpf
configure:6119: result: no
configure:6089: checking for arm-linux-epcf90
configure:6119: result: no
configure:6089: checking for arm-linux-gfortran
configure:6119: result: no
configure:6089: checking for arm-linux-g95
configure:6119: result: no
configure:6089: checking for arm-linux-xlf95
configure:6119: result: no
configure:6089: checking for arm-linux-f95
configure:6119: result: no
configure:6089: checking for arm-linux-fort
configure:6119: result: no
configure:6089: checking for arm-linux-ifort
configure:6119: result: no
configure:6089: checking for arm-linux-ifc
configure:6119: result: no
configure:6089: checking for arm-linux-efc
configure:6119: result: no
configure:6089: checking for arm-linux-pgf95
configure:6119: result: no
configure:6089: checking for arm-linux-lf95
configure:6119: result: no
configure:6089: checking for arm-linux-ftn
configure:6119: result: no
configure:6133: checking for g77
configure:6163: result: no
configure:6133: checking for xlf
configure:6163: result: no
configure:6133: checking for f77
configure:6163: result: no
configure:6133: checking for frt
configure:6163: result: no
configure:6133: checking for pgf77
configure:6163: result: no
configure:6133: checking for cf77
configure:6163: result: no
configure:6133: checking for fort77
configure:6163: result: no
configure:6133: checking for fl32
configure:6163: result: no
configure:6133: checking for af77
configure:6163: result: no
configure:6133: checking for xlf90
configure:6163: result: no
configure:6133: checking for f90
configure:6163: result: no
configure:6133: checking for pgf90
configure:6163: result: no
configure:6133: checking for pghpf
configure:6163: result: no
configure:6133: checking for epcf90
configure:6163: result: no
configure:6133: checking for gfortran
configure:6163: result: no
configure:6133: checking for g95
configure:6163: result: no
configure:6133: checking for xlf95
configure:6163: result: no
configure:6133: checking for f95
configure:6163: result: no
configure:6133: checking for fort
configure:6163: result: no
configure:6133: checking for ifort
configure:6163: result: no
configure:6133: checking for ifc
configure:6163: result: no
configure:6133: checking for efc
configure:6163: result: no
configure:6133: checking for pgf95
configure:6163: result: no
configure:6133: checking for lf95
configure:6163: result: no
configure:6133: checking for ftn
configure:6163: result: no
configure:6190: checking for Fortran 77 compiler version
configure:6197:  --version >&5
./configure: line 6198: --version: command not found
configure:6200: $? = 127
configure:6207:  -v >&5
./configure: line 6208: -v: command not found
configure:6210: $? = 127
configure:6217:  -V >&5
./configure: line 6218: -V: command not found
configure:6220: $? = 127
configure:6228: checking whether we are using the GNU Fortran 77 compiler
configure:6247:  -c  conftest.F >&5
./configure: line 6248: -c: command not found
configure:6253: $? = 127
configure: failed program was:
|       program main
| #ifndef __GNUC__
|        choke me
| #endif
| 
|       end
configure:6270: result: no
configure:6276: checking whether  accepts -g
configure:6293:  -c -g conftest.f >&5
./configure: line 6294: -c: command not found
configure:6299: $? = 127
configure: failed program was:
|       program main
| 
|       end
configure:6315: result: no
configure:6345: checking the maximum length of command line arguments
configure:6457: result: 98304
configure:6469: checking command to parse /usr/local/arm_linux_4.2/bin/arm-linux-nm -B output from /usr/local/arm_linux_4.2/bin/arm-linux-gcc -static object
configure:6574: /usr/local/arm_linux_4.2/bin/arm-linux-gcc -static -c -DGCC_HASCLASSVISIBILITY -O2 -Wall -W  conftest.c >&5
configure:6577: $? = 0
configure:6581: /usr/local/arm_linux_4.2/bin/arm-linux-nm -B conftest.o \| sed -n -e 's/^.*[ 	]\([ABCDGIRSTW][ABCDGIRSTW]*\)[ 	][ 	]*\([_A-Za-z][_A-Za-z0-9]*\)$/\1 \2 \2/p' \> conftest.nm
configure:6584: $? = 0
configure:6636: /usr/local/arm_linux_4.2/bin/arm-linux-gcc -static -o conftest -DGCC_HASCLASSVISIBILITY -O2 -Wall -W   conftest.c conftstm.o >&5
configure:6639: $? = 0
configure:6677: result: ok
configure:6681: checking for objdir
configure:6696: result: .libs
configure:6748: checking for arm-linux-ar
configure:6764: found /usr/local/arm_linux_4.2/bin/arm-linux-ar
configure:6775: result: arm-linux-ar
configure:6844: checking for arm-linux-ranlib
configure:6860: found /usr/local/arm_linux_4.2/bin/arm-linux-ranlib
configure:6871: result: arm-linux-ranlib
configure:6940: checking for arm-linux-strip
configure:6967: result: arm-linux-strip
configure:7293: checking if /usr/local/arm_linux_4.2/bin/arm-linux-gcc -static supports -fno-rtti -fno-exceptions
configure:7311: /usr/local/arm_linux_4.2/bin/arm-linux-gcc -static -c -DGCC_HASCLASSVISIBILITY -O2 -Wall -W  -fno-rtti -fno-exceptions conftest.c >&5
cc1: warning: command line option "-fno-rtti" is valid for C++/ObjC++ but not for C
configure:7315: $? = 0
configure:7328: result: no
configure:7343: checking for /usr/local/arm_linux_4.2/bin/arm-linux-gcc -static option to produce PIC
configure:7575: result: -fPIC
configure:7583: checking if /usr/local/arm_linux_4.2/bin/arm-linux-gcc -static PIC flag -fPIC works
configure:7601: /usr/local/arm_linux_4.2/bin/arm-linux-gcc -static -c -DGCC_HASCLASSVISIBILITY -O2 -Wall -W  -fPIC -DPIC conftest.c >&5
configure:7605: $? = 0
configure:7618: result: yes
configure:7646: checking if /usr/local/arm_linux_4.2/bin/arm-linux-gcc -static static flag -static works
configure:7674: result: yes
configure:7684: checking if /usr/local/arm_linux_4.2/bin/arm-linux-gcc -static supports -c -o file.o
configure:7705: /usr/local/arm_linux_4.2/bin/arm-linux-gcc -static -c -DGCC_HASCLASSVISIBILITY -O2 -Wall -W  -o out/conftest2.o conftest.c >&5
configure:7709: $? = 0
configure:7731: result: yes
configure:7757: checking whether the /usr/local/arm_linux_4.2/bin/arm-linux-gcc -static linker (/usr/local/arm_linux_4.2/arm-none-linux-gnueabi/bin/ld) supports shared libraries
configure:8738: result: yes
configure:8759: checking whether -lc should be explicitly linked in
configure:8764: /usr/local/arm_linux_4.2/bin/arm-linux-gcc -static -c -DGCC_HASCLASSVISIBILITY -O2 -Wall -W  conftest.c >&5
configure:8767: $? = 0
configure:8782: /usr/local/arm_linux_4.2/bin/arm-linux-gcc -static -shared conftest.o  -v -Wl,-soname -Wl,conftest -o conftest 2\>\&1 \| grep  -lc  \>/dev/null 2\>\&1
configure:8785: $? = 0
configure:8797: result: no
configure:8805: checking dynamic linker characteristics
configure:9419: result: GNU/Linux ld.so
configure:9428: checking how to hardcode library paths into programs
configure:9453: result: immediate
configure:9467: checking whether stripping libraries is possible
configure:9472: result: yes
configure:9596: checking for shl_load
configure:9652: /usr/local/arm_linux_4.2/bin/arm-linux-gcc -static -o conftest -DGCC_HASCLASSVISIBILITY -O2 -Wall -W   conftest.c  >&5
/tmp/ccilm5f2.o: In function `main':
conftest.c:(.text+0x8): undefined reference to `shl_load'
collect2: ld returned 1 exit status
configure:9658: $? = 1
configure: failed program was:
| /* confdefs.h.  */
| #define PACKAGE_NAME "tslib"
| #define PACKAGE_TARNAME "tslib"
| #define PACKAGE_VERSION "0.0.2"
| #define PACKAGE_STRING "tslib 0.0.2"
| #define PACKAGE_BUGREPORT "kergoth@handhelds.org"
| #define PACKAGE "tslib"
| #define VERSION "0.0.2"
| #define STDC_HEADERS 1
| #define HAVE_SYS_TYPES_H 1
| #define HAVE_SYS_STAT_H 1
| #define HAVE_STDLIB_H 1
| #define HAVE_STRING_H 1
| #define HAVE_MEMORY_H 1
| #define HAVE_STRINGS_H 1
| #define HAVE_INTTYPES_H 1
| #define HAVE_STDINT_H 1
| #define HAVE_UNISTD_H 1
| #define HAVE_DLFCN_H 1
| /* end confdefs.h.  */
| /* Define shl_load to an innocuous variant, in case <limits.h> declares shl_load.
|    For example, HP-UX 11i <limits.h> declares gettimeofday.  */
| #define shl_load innocuous_shl_load
| 
| /* System header to define __stub macros and hopefully few prototypes,
|     which can conflict with char shl_load (); below.
|     Prefer <limits.h> to <assert.h> if __STDC__ is defined, since
|     <limits.h> exists even on freestanding compilers.  */
| 
| #ifdef __STDC__
| # include <limits.h>
| #else
| # include <assert.h>
| #endif
| 
| #undef shl_load
| 
| /* Override any GCC internal prototype to avoid an error.
|    Use char because int might match the return type of a GCC
|    builtin and then its argument prototype would still apply.  */
| #ifdef __cplusplus
| extern "C"
| #endif
| char shl_load ();
| /* The GNU C library defines this for functions which it implements
|     to always fail with ENOSYS.  Some functions are actually named
|     something starting with __ and the normal name is an alias.  */
| #if defined __stub_shl_load || defined __stub___shl_load
| choke me
| #endif
| 
| int
| main ()
| {
| return shl_load ();
|   ;
|   return 0;
| }
configure:9675: result: no
configure:9680: checking for shl_load in -ldld
configure:9715: /usr/local/arm_linux_4.2/bin/arm-linux-gcc -static -o conftest -DGCC_HASCLASSVISIBILITY -O2 -Wall -W   conftest.c -ldld   >&5
/usr/local/arm_linux_4.2/lib/gcc/arm-none-linux-gnueabi/4.2.1/../../../../arm-none-linux-gnueabi/bin/ld: cannot find -ldld
collect2: ld returned 1 exit status
configure:9721: $? = 1
configure: failed program was:
| /* confdefs.h.  */
| #define PACKAGE_NAME "tslib"
| #define PACKAGE_TARNAME "tslib"
| #define PACKAGE_VERSION "0.0.2"
| #define PACKAGE_STRING "tslib 0.0.2"
| #define PACKAGE_BUGREPORT "kergoth@handhelds.org"
| #define PACKAGE "tslib"
| #define VERSION "0.0.2"
| #define STDC_HEADERS 1
| #define HAVE_SYS_TYPES_H 1
| #define HAVE_SYS_STAT_H 1
| #define HAVE_STDLIB_H 1
| #define HAVE_STRING_H 1
| #define HAVE_MEMORY_H 1
| #define HAVE_STRINGS_H 1
| #define HAVE_INTTYPES_H 1
| #define HAVE_STDINT_H 1
| #define HAVE_UNISTD_H 1
| #define HAVE_DLFCN_H 1
| /* end confdefs.h.  */
| 
| /* Override any GCC internal prototype to avoid an error.
|    Use char because int might match the return type of a GCC
|    builtin and then its argument prototype would still apply.  */
| #ifdef __cplusplus
| extern "C"
| #endif
| char shl_load ();
| int
| main ()
| {
| return shl_load ();
|   ;
|   return 0;
| }
configure:9739: result: no
configure:9744: checking for dlopen
configure:9800: /usr/local/arm_linux_4.2/bin/arm-linux-gcc -static -o conftest -DGCC_HASCLASSVISIBILITY -O2 -Wall -W   conftest.c  >&5
/tmp/cc6u3Ptg.o: In function `main':
conftest.c:(.text+0x8): undefined reference to `dlopen'
collect2: ld returned 1 exit status
configure:9806: $? = 1
configure: failed program was:
| /* confdefs.h.  */
| #define PACKAGE_NAME "tslib"
| #define PACKAGE_TARNAME "tslib"
| #define PACKAGE_VERSION "0.0.2"
| #define PACKAGE_STRING "tslib 0.0.2"
| #define PACKAGE_BUGREPORT "kergoth@handhelds.org"
| #define PACKAGE "tslib"
| #define VERSION "0.0.2"
| #define STDC_HEADERS 1
| #define HAVE_SYS_TYPES_H 1
| #define HAVE_SYS_STAT_H 1
| #define HAVE_STDLIB_H 1
| #define HAVE_STRING_H 1
| #define HAVE_MEMORY_H 1
| #define HAVE_STRINGS_H 1
| #define HAVE_INTTYPES_H 1
| #define HAVE_STDINT_H 1
| #define HAVE_UNISTD_H 1
| #define HAVE_DLFCN_H 1
| /* end confdefs.h.  */
| /* Define dlopen to an innocuous variant, in case <limits.h> declares dlopen.
|    For example, HP-UX 11i <limits.h> declares gettimeofday.  */
| #define dlopen innocuous_dlopen
| 
| /* System header to define __stub macros and hopefully few prototypes,
|     which can conflict with char dlopen (); below.
|     Prefer <limits.h> to <assert.h> if __STDC__ is defined, since
|     <limits.h> exists even on freestanding compilers.  */
| 
| #ifdef __STDC__
| # include <limits.h>
| #else
| # include <assert.h>
| #endif
| 
| #undef dlopen
| 
| /* Override any GCC internal prototype to avoid an error.
|    Use char because int might match the return type of a GCC
|    builtin and then its argument prototype would still apply.  */
| #ifdef __cplusplus
| extern "C"
| #endif
| char dlopen ();
| /* The GNU C library defines this for functions which it implements
|     to always fail with ENOSYS.  Some functions are actually named
|     something starting with __ and the normal name is an alias.  */
| #if defined __stub_dlopen || defined __stub___dlopen
| choke me
| #endif
| 
| int
| main ()
| {
| return dlopen ();
|   ;
|   return 0;
| }
configure:9823: result: no
configure:9828: checking for dlopen in -ldl
configure:9863: /usr/local/arm_linux_4.2/bin/arm-linux-gcc -static -o conftest -DGCC_HASCLASSVISIBILITY -O2 -Wall -W   conftest.c -ldl   >&5
configure:9869: $? = 0
configure:9887: result: yes
configure:10056: checking whether a program can dlopen itself
configure:10151: result: cross
configure:10274: checking if libtool supports shared libraries
configure:10276: result: yes
configure:10279: checking whether to build shared libraries
configure:10300: result: yes
configure:10303: checking whether to build static libraries
configure:10307: result: yes
configure:10400: creating libtool
configure:10988: checking for ld used by arm-linux-g++
configure:11055: result: /usr/local/arm_linux_4.2/arm-none-linux-gnueabi/bin/ld
configure:11064: checking if the linker (/usr/local/arm_linux_4.2/arm-none-linux-gnueabi/bin/ld) is GNU ld
configure:11079: result: yes
configure:11130: checking whether the arm-linux-g++ linker (/usr/local/arm_linux_4.2/arm-none-linux-gnueabi/bin/ld) supports shared libraries
configure:12104: result: yes
configure:12122: arm-linux-g++ -c -g -O2  conftest.cpp >&5
configure:12125: $? = 0
configure:12277: checking for arm-linux-g++ option to produce PIC
configure:12561: result: -fPIC
configure:12569: checking if arm-linux-g++ PIC flag -fPIC works
configure:12587: arm-linux-g++ -c -g -O2  -fPIC -DPIC conftest.cpp >&5
configure:12591: $? = 0
configure:12604: result: yes
configure:12632: checking if arm-linux-g++ static flag -static works
configure:12660: result: yes
configure:12670: checking if arm-linux-g++ supports -c -o file.o
configure:12691: arm-linux-g++ -c -g -O2  -o out/conftest2.o conftest.cpp >&5
configure:12695: $? = 0
configure:12717: result: yes
configure:12743: checking whether the arm-linux-g++ linker (/usr/local/arm_linux_4.2/arm-none-linux-gnueabi/bin/ld) supports shared libraries
configure:12771: result: yes
configure:12838: checking dynamic linker characteristics
configure:13400: result: GNU/Linux ld.so
configure:13409: checking how to hardcode library paths into programs
configure:13434: result: immediate
configure:19634: checking for dlopen in -ldl
configure:19693: result: yes
configure:19708: checking for working alloca.h
configure:19735: /usr/local/arm_linux_4.2/bin/arm-linux-gcc -static -o conftest -DGCC_HASCLASSVISIBILITY -O2 -Wall -W   conftest.c -ldl  >&5
configure:19741: $? = 0
configure:19758: result: yes
configure:19768: checking for alloca
configure:19815: /usr/local/arm_linux_4.2/bin/arm-linux-gcc -static -o conftest -DGCC_HASCLASSVISIBILITY -O2 -Wall -W   conftest.c -ldl  >&5
configure:19821: $? = 0
configure:19838: result: yes
configure:20065: checking for ANSI C header files
configure:20229: result: yes
configure:20260: checking fcntl.h usability
configure:20277: /usr/local/arm_linux_4.2/bin/arm-linux-gcc -static -c -DGCC_HASCLASSVISIBILITY -O2 -Wall -W  conftest.c >&5
configure:20283: $? = 0
configure:20297: result: yes
configure:20301: checking fcntl.h presence
configure:20316: /usr/local/arm_linux_4.2/bin/arm-linux-gcc -static -E  conftest.c
configure:20322: $? = 0
configure:20336: result: yes
configure:20369: checking for fcntl.h
configure:20377: result: yes
configure:20260: checking limits.h usability
configure:20277: /usr/local/arm_linux_4.2/bin/arm-linux-gcc -static -c -DGCC_HASCLASSVISIBILITY -O2 -Wall -W  conftest.c >&5
configure:20283: $? = 0
configure:20297: result: yes
configure:20301: checking limits.h presence
configure:20316: /usr/local/arm_linux_4.2/bin/arm-linux-gcc -static -E  conftest.c
configure:20322: $? = 0
configure:20336: result: yes
configure:20369: checking for limits.h
configure:20377: result: yes
configure:20250: checking for stdlib.h
configure:20256: result: yes
configure:20250: checking for string.h
configure:20256: result: yes
configure:20260: checking sys/ioctl.h usability
configure:20277: /usr/local/arm_linux_4.2/bin/arm-linux-gcc -static -c -DGCC_HASCLASSVISIBILITY -O2 -Wall -W  conftest.c >&5
configure:20283: $? = 0
configure:20297: result: yes
configure:20301: checking sys/ioctl.h presence
configure:20316: /usr/local/arm_linux_4.2/bin/arm-linux-gcc -static -E  conftest.c
configure:20322: $? = 0
configure:20336: result: yes
configure:20369: checking for sys/ioctl.h
configure:20377: result: yes
configure:20260: checking sys/time.h usability
configure:20277: /usr/local/arm_linux_4.2/bin/arm-linux-gcc -static -c -DGCC_HASCLASSVISIBILITY -O2 -Wall -W  conftest.c >&5
configure:20283: $? = 0
configure:20297: result: yes
configure:20301: checking sys/time.h presence
configure:20316: /usr/local/arm_linux_4.2/bin/arm-linux-gcc -static -E  conftest.c
configure:20322: $? = 0
configure:20336: result: yes
configure:20369: checking for sys/time.h
configure:20377: result: yes
configure:20250: checking for unistd.h
configure:20256: result: yes
configure:20392: checking for an ANSI C-conforming const
configure:20467: /usr/local/arm_linux_4.2/bin/arm-linux-gcc -static -c -DGCC_HASCLASSVISIBILITY -O2 -Wall -W  conftest.c >&5
conftest.c: In function 'main':
conftest.c:61: warning: 't' is used uninitialized in this function
conftest.c:77: warning: 'b' is used uninitialized in this function
conftest.c:83: warning: 'cs[0]' is used uninitialized in this function
configure:20473: $? = 0
configure:20488: result: yes
configure:20498: checking for inline
configure:20524: /usr/local/arm_linux_4.2/bin/arm-linux-gcc -static -c -DGCC_HASCLASSVISIBILITY -O2 -Wall -W  conftest.c >&5
configure:20530: $? = 0
configure:20548: result: inline
configure:20567: checking for size_t
configure:20597: /usr/local/arm_linux_4.2/bin/arm-linux-gcc -static -c -DGCC_HASCLASSVISIBILITY -O2 -Wall -W  conftest.c >&5
configure:20603: $? = 0
configure:20618: result: yes
configure:20630: checking whether time.h and sys/time.h may both be included
configure:20660: /usr/local/arm_linux_4.2/bin/arm-linux-gcc -static -c -DGCC_HASCLASSVISIBILITY -O2 -Wall -W  conftest.c >&5
configure:20666: $? = 0
configure:20681: result: yes
configure:20694: checking whether /usr/local/arm_linux_4.2/bin/arm-linux-gcc -static needs -traditional
configure:20736: result: no
configure:20748: checking for stdlib.h
configure:20754: result: yes
configure:20888: checking for GNU libc compatible malloc
configure:20950: result: no
configure:20984: checking for stdlib.h
configure:20990: result: yes
configure:20984: checking for unistd.h
configure:20990: result: yes
configure:21128: checking for getpagesize
configure:21184: /usr/local/arm_linux_4.2/bin/arm-linux-gcc -static -o conftest -DGCC_HASCLASSVISIBILITY -O2 -Wall -W   conftest.c -ldl  >&5
configure:21190: $? = 0
configure:21208: result: yes
configure:21218: checking for working mmap
configure:21393: result: no
configure:21420: checking sys/select.h usability
configure:21437: /usr/local/arm_linux_4.2/bin/arm-linux-gcc -static -c -DGCC_HASCLASSVISIBILITY -O2 -Wall -W  conftest.c >&5
configure:21443: $? = 0
configure:21457: result: yes
configure:21461: checking sys/select.h presence
configure:21476: /usr/local/arm_linux_4.2/bin/arm-linux-gcc -static -E  conftest.c
configure:21482: $? = 0
configure:21496: result: yes
configure:21529: checking for sys/select.h
configure:21537: result: yes
configure:21420: checking sys/socket.h usability
configure:21437: /usr/local/arm_linux_4.2/bin/arm-linux-gcc -static -c -DGCC_HASCLASSVISIBILITY -O2 -Wall -W  conftest.c >&5
configure:21443: $? = 0
configure:21457: result: yes
configure:21461: checking sys/socket.h presence
configure:21476: /usr/local/arm_linux_4.2/bin/arm-linux-gcc -static -E  conftest.c
configure:21482: $? = 0
configure:21496: result: yes
configure:21529: checking for sys/socket.h
configure:21537: result: yes
configure:21550: checking types of arguments for select
configure:21588: /usr/local/arm_linux_4.2/bin/arm-linux-gcc -static -c -DGCC_HASCLASSVISIBILITY -O2 -Wall -W  conftest.c >&5
configure:21594: $? = 0
configure:21615: result: int,fd_set *,struct timeval *
configure:21638: checking return type of signal handlers
configure:21666: /usr/local/arm_linux_4.2/bin/arm-linux-gcc -static -c -DGCC_HASCLASSVISIBILITY -O2 -Wall -W  conftest.c >&5
conftest.c: In function 'main':
conftest.c:50: error: void value not ignored as it ought to be
configure:21672: $? = 1
configure: failed program was:
| /* confdefs.h.  */
| #define PACKAGE_NAME "tslib"
| #define PACKAGE_TARNAME "tslib"
| #define PACKAGE_VERSION "0.0.2"
| #define PACKAGE_STRING "tslib 0.0.2"
| #define PACKAGE_BUGREPORT "kergoth@handhelds.org"
| #define PACKAGE "tslib"
| #define VERSION "0.0.2"
| #define STDC_HEADERS 1
| #define HAVE_SYS_TYPES_H 1
| #define HAVE_SYS_STAT_H 1
| #define HAVE_STDLIB_H 1
| #define HAVE_STRING_H 1
| #define HAVE_MEMORY_H 1
| #define HAVE_STRINGS_H 1
| #define HAVE_INTTYPES_H 1
| #define HAVE_STDINT_H 1
| #define HAVE_UNISTD_H 1
| #define HAVE_DLFCN_H 1
| #define HAVE_LIBDL 1
| #define HAVE_ALLOCA_H 1
| #define HAVE_ALLOCA 1
| #define STDC_HEADERS 1
| #define HAVE_FCNTL_H 1
| #define HAVE_LIMITS_H 1
| #define HAVE_STDLIB_H 1
| #define HAVE_STRING_H 1
| #define HAVE_SYS_IOCTL_H 1
| #define HAVE_SYS_TIME_H 1
| #define HAVE_UNISTD_H 1
| #define TIME_WITH_SYS_TIME 1
| #define HAVE_STDLIB_H 1
| #define HAVE_MALLOC 0
| #define malloc rpl_malloc
| #define HAVE_STDLIB_H 1
| #define HAVE_UNISTD_H 1
| #define HAVE_GETPAGESIZE 1
| #define HAVE_SYS_SELECT_H 1
| #define HAVE_SYS_SOCKET_H 1
| #define SELECT_TYPE_ARG1 int
| #define SELECT_TYPE_ARG234 (fd_set *)
| #define SELECT_TYPE_ARG5 (struct timeval *)
| /* end confdefs.h.  */
| #include <sys/types.h>
| #include <signal.h>
| 
| int
| main ()
| {
| return *(signal (0, 0)) (0) == 1;
|   ;
|   return 0;
| }
configure:21687: result: void
configure:21695: checking whether lstat dereferences a symlink specified with a trailing slash
configure:21766: result: no
configure:21785: checking whether stat accepts an empty string
configure:21843: result: yes
configure:21863: checking for vprintf
configure:21919: /usr/local/arm_linux_4.2/bin/arm-linux-gcc -static -o conftest -DGCC_HASCLASSVISIBILITY -O2 -Wall -W   conftest.c -ldl  >&5
conftest.c:69: warning: conflicting types for built-in function 'vprintf'
configure:21925: $? = 0
configure:21943: result: yes
configure:21950: checking for _doprnt
configure:22006: /usr/local/arm_linux_4.2/bin/arm-linux-gcc -static -o conftest -DGCC_HASCLASSVISIBILITY -O2 -Wall -W   conftest.c -ldl  >&5
/tmp/ccsf8xX2.o: In function `main':
conftest.c:(.text+0x8): undefined reference to `_doprnt'
collect2: ld returned 1 exit status
configure:22012: $? = 1
configure: failed program was:
| /* confdefs.h.  */
| #define PACKAGE_NAME "tslib"
| #define PACKAGE_TARNAME "tslib"
| #define PACKAGE_VERSION "0.0.2"
| #define PACKAGE_STRING "tslib 0.0.2"
| #define PACKAGE_BUGREPORT "kergoth@handhelds.org"
| #define PACKAGE "tslib"
| #define VERSION "0.0.2"
| #define STDC_HEADERS 1
| #define HAVE_SYS_TYPES_H 1
| #define HAVE_SYS_STAT_H 1
| #define HAVE_STDLIB_H 1
| #define HAVE_STRING_H 1
| #define HAVE_MEMORY_H 1
| #define HAVE_STRINGS_H 1
| #define HAVE_INTTYPES_H 1
| #define HAVE_STDINT_H 1
| #define HAVE_UNISTD_H 1
| #define HAVE_DLFCN_H 1
| #define HAVE_LIBDL 1
| #define HAVE_ALLOCA_H 1
| #define HAVE_ALLOCA 1
| #define STDC_HEADERS 1
| #define HAVE_FCNTL_H 1
| #define HAVE_LIMITS_H 1
| #define HAVE_STDLIB_H 1
| #define HAVE_STRING_H 1
| #define HAVE_SYS_IOCTL_H 1
| #define HAVE_SYS_TIME_H 1
| #define HAVE_UNISTD_H 1
| #define TIME_WITH_SYS_TIME 1
| #define HAVE_STDLIB_H 1
| #define HAVE_MALLOC 0
| #define malloc rpl_malloc
| #define HAVE_STDLIB_H 1
| #define HAVE_UNISTD_H 1
| #define HAVE_GETPAGESIZE 1
| #define HAVE_SYS_SELECT_H 1
| #define HAVE_SYS_SOCKET_H 1
| #define SELECT_TYPE_ARG1 int
| #define SELECT_TYPE_ARG234 (fd_set *)
| #define SELECT_TYPE_ARG5 (struct timeval *)
| #define RETSIGTYPE void
| #define HAVE_STAT_EMPTY_STRING_BUG 1
| #define HAVE_VPRINTF 1
| /* end confdefs.h.  */
| /* Define _doprnt to an innocuous variant, in case <limits.h> declares _doprnt.
|    For example, HP-UX 11i <limits.h> declares gettimeofday.  */
| #define _doprnt innocuous__doprnt
| 
| /* System header to define __stub macros and hopefully few prototypes,
|     which can conflict with char _doprnt (); below.
|     Prefer <limits.h> to <assert.h> if __STDC__ is defined, since
|     <limits.h> exists even on freestanding compilers.  */
| 
| #ifdef __STDC__
| # include <limits.h>
| #else
| # include <assert.h>
| #endif
| 
| #undef _doprnt
| 
| /* Override any GCC internal prototype to avoid an error.
|    Use char because int might match the return type of a GCC
|    builtin and then its argument prototype would still apply.  */
| #ifdef __cplusplus
| extern "C"
| #endif
| char _doprnt ();
| /* The GNU C library defines this for functions which it implements
|     to always fail with ENOSYS.  Some functions are actually named
|     something starting with __ and the normal name is an alias.  */
| #if defined __stub__doprnt || defined __stub____doprnt
| choke me
| #endif
| 
| int
| main ()
| {
| return _doprnt ();
|   ;
|   return 0;
| }
configure:22029: result: no
configure:22056: checking for bzero
configure:22112: /usr/local/arm_linux_4.2/bin/arm-linux-gcc -static -o conftest -DGCC_HASCLASSVISIBILITY -O2 -Wall -W   conftest.c -ldl  >&5
conftest.c:70: warning: conflicting types for built-in function 'bzero'
/tmp/ccqLZx1a.o: In function `main':
conftest.c:(.text+0x8): undefined reference to `bzero'
collect2: ld returned 1 exit status
configure:22118: $? = 1
configure: failed program was:
| /* confdefs.h.  */
| #define PACKAGE_NAME "tslib"
| #define PACKAGE_TARNAME "tslib"
| #define PACKAGE_VERSION "0.0.2"
| #define PACKAGE_STRING "tslib 0.0.2"
| #define PACKAGE_BUGREPORT "kergoth@handhelds.org"
| #define PACKAGE "tslib"
| #define VERSION "0.0.2"
| #define STDC_HEADERS 1
| #define HAVE_SYS_TYPES_H 1
| #define HAVE_SYS_STAT_H 1
| #define HAVE_STDLIB_H 1
| #define HAVE_STRING_H 1
| #define HAVE_MEMORY_H 1
| #define HAVE_STRINGS_H 1
| #define HAVE_INTTYPES_H 1
| #define HAVE_STDINT_H 1
| #define HAVE_UNISTD_H 1
| #define HAVE_DLFCN_H 1
| #define HAVE_LIBDL 1
| #define HAVE_ALLOCA_H 1
| #define HAVE_ALLOCA 1
| #define STDC_HEADERS 1
| #define HAVE_FCNTL_H 1
| #define HAVE_LIMITS_H 1
| #define HAVE_STDLIB_H 1
| #define HAVE_STRING_H 1
| #define HAVE_SYS_IOCTL_H 1
| #define HAVE_SYS_TIME_H 1
| #define HAVE_UNISTD_H 1
| #define TIME_WITH_SYS_TIME 1
| #define HAVE_STDLIB_H 1
| #define HAVE_MALLOC 0
| #define malloc rpl_malloc
| #define HAVE_STDLIB_H 1
| #define HAVE_UNISTD_H 1
| #define HAVE_GETPAGESIZE 1
| #define HAVE_SYS_SELECT_H 1
| #define HAVE_SYS_SOCKET_H 1
| #define SELECT_TYPE_ARG1 int
| #define SELECT_TYPE_ARG234 (fd_set *)
| #define SELECT_TYPE_ARG5 (struct timeval *)
| #define RETSIGTYPE void
| #define HAVE_STAT_EMPTY_STRING_BUG 1
| #define HAVE_VPRINTF 1
| /* end confdefs.h.  */
| /* Define bzero to an innocuous variant, in case <limits.h> declares bzero.
|    For example, HP-UX 11i <limits.h> declares gettimeofday.  */
| #define bzero innocuous_bzero
| 
| /* System header to define __stub macros and hopefully few prototypes,
|     which can conflict with char bzero (); below.
|     Prefer <limits.h> to <assert.h> if __STDC__ is defined, since
|     <limits.h> exists even on freestanding compilers.  */
| 
| #ifdef __STDC__
| # include <limits.h>
| #else
| # include <assert.h>
| #endif
| 
| #undef bzero
| 
| /* Override any GCC internal prototype to avoid an error.
|    Use char because int might match the return type of a GCC
|    builtin and then its argument prototype would still apply.  */
| #ifdef __cplusplus
| extern "C"
| #endif
| char bzero ();
| /* The GNU C library defines this for functions which it implements
|     to always fail with ENOSYS.  Some functions are actually named
|     something starting with __ and the normal name is an alias.  */
| #if defined __stub_bzero || defined __stub___bzero
| choke me
| #endif
| 
| int
| main ()
| {
| return bzero ();
|   ;
|   return 0;
| }
configure:22136: result: no
configure:22056: checking for gettimeofday
configure:22112: /usr/local/arm_linux_4.2/bin/arm-linux-gcc -static -o conftest -DGCC_HASCLASSVISIBILITY -O2 -Wall -W   conftest.c -ldl  >&5
configure:22118: $? = 0
configure:22136: result: yes
configure:22056: checking for memmove
configure:22112: /usr/local/arm_linux_4.2/bin/arm-linux-gcc -static -o conftest -DGCC_HASCLASSVISIBILITY -O2 -Wall -W   conftest.c -ldl  >&5
conftest.c:71: warning: conflicting types for built-in function 'memmove'
configure:22118: $? = 0
configure:22136: result: yes
configure:22056: checking for memset
configure:22112: /usr/local/arm_linux_4.2/bin/arm-linux-gcc -static -o conftest -DGCC_HASCLASSVISIBILITY -O2 -Wall -W   conftest.c -ldl  >&5
conftest.c:72: warning: conflicting types for built-in function 'memset'
configure:22118: $? = 0
configure:22136: result: yes
configure:22056: checking for munmap
configure:22112: /usr/local/arm_linux_4.2/bin/arm-linux-gcc -static -o conftest -DGCC_HASCLASSVISIBILITY -O2 -Wall -W   conftest.c -ldl  >&5
configure:22118: $? = 0
configure:22136: result: yes
configure:22056: checking for select
configure:22112: /usr/local/arm_linux_4.2/bin/arm-linux-gcc -static -o conftest -DGCC_HASCLASSVISIBILITY -O2 -Wall -W   conftest.c -ldl  >&5
configure:22118: $? = 0
configure:22136: result: yes
configure:22056: checking for strcasecmp
configure:22112: /usr/local/arm_linux_4.2/bin/arm-linux-gcc -static -o conftest -DGCC_HASCLASSVISIBILITY -O2 -Wall -W   conftest.c -ldl  >&5
conftest.c:75: warning: conflicting types for built-in function 'strcasecmp'
configure:22118: $? = 0
configure:22136: result: yes
configure:22056: checking for strchr
configure:22112: /usr/local/arm_linux_4.2/bin/arm-linux-gcc -static -o conftest -DGCC_HASCLASSVISIBILITY -O2 -Wall -W   conftest.c -ldl  >&5
conftest.c:76: warning: conflicting types for built-in function 'strchr'
configure:22118: $? = 0
configure:22136: result: yes
configure:22056: checking for strdup
configure:22112: /usr/local/arm_linux_4.2/bin/arm-linux-gcc -static -o conftest -DGCC_HASCLASSVISIBILITY -O2 -Wall -W   conftest.c -ldl  >&5
conftest.c:77: warning: conflicting types for built-in function 'strdup'
configure:22118: $? = 0
configure:22136: result: yes
configure:22056: checking for strtoul
configure:22112: /usr/local/arm_linux_4.2/bin/arm-linux-gcc -static -o conftest -DGCC_HASCLASSVISIBILITY -O2 -Wall -W   conftest.c -ldl  >&5
configure:22118: $? = 0
configure:22136: result: yes
configure:22148: checking whether linear modules is requested
configure:22157: result: yes
configure:22170: checking whether dejitter module is requested
configure:22179: result: yes
configure:22192: checking whether linear-h2200 module is requested
configure:22201: result: yes
configure:22214: checking whether variance module is requested
configure:22223: result: yes
configure:22236: checking whether pthres module is requested
configure:22245: result: yes
configure:22260: checking whether ucb1x00 module is requested
configure:22269: result: yes
configure:22282: checking whether corgi module is requested
configure:22291: result: yes
configure:22304: checking whether collie module is requested
configure:22313: result: yes
configure:22327: checking whether h3600 module is requested
configure:22336: result: yes
configure:22349: checking whether mk712 module is requested
configure:22358: result: yes
configure:22371: checking whether arctic2 module is requested
configure:22380: result: yes
configure:22393: checking whether input module is requested
configure:22402: result: yes
configure:22415: checking where to place modules
configure:22425: result: ${libdir}/ts/
configure:22429: checking whether to enable debugging
configure:22438: result: no
configure:22670: creating ./config.status

## ---------------------- ##
## Running config.status. ##
## ---------------------- ##

This file was extended by tslib config.status 0.0.2, which was
generated by GNU Autoconf 2.61.  Invocation command line was

  CONFIG_FILES    = 
  CONFIG_HEADERS  = 
  CONFIG_LINKS    = 
  CONFIG_COMMANDS = 
  $ ./config.status 

on ccwang-laptop

config.status:700: creating Makefile
config.status:700: creating etc/Makefile
config.status:700: creating plugins/Makefile
config.status:700: creating src/Makefile
config.status:700: creating tests/Makefile
config.status:700: creating tslib-0.0.pc
config.status:700: creating config.h
config.status:1010: executing depfiles commands

## ---------------- ##
## Cache variables. ##
## ---------------- ##

ac_cv_build=i686-pc-linux-gnu
ac_cv_c_compiler_gnu=yes
ac_cv_c_const=yes
ac_cv_c_inline=inline
ac_cv_cxx_compiler_gnu=yes
ac_cv_env_CCC_set=
ac_cv_env_CCC_value=
ac_cv_env_CC_set=set
ac_cv_env_CC_value='/usr/local/arm_linux_4.2/bin/arm-linux-gcc -static'
ac_cv_env_CFLAGS_set=
ac_cv_env_CFLAGS_value=
ac_cv_env_CPPFLAGS_set=
ac_cv_env_CPPFLAGS_value=
ac_cv_env_CPP_set=
ac_cv_env_CPP_value=
ac_cv_env_CXXCPP_set=
ac_cv_env_CXXCPP_value=
ac_cv_env_CXXFLAGS_set=
ac_cv_env_CXXFLAGS_value=
ac_cv_env_CXX_set=
ac_cv_env_CXX_value=
ac_cv_env_F77_set=
ac_cv_env_F77_value=
ac_cv_env_FFLAGS_set=
ac_cv_env_FFLAGS_value=
ac_cv_env_LDFLAGS_set=
ac_cv_env_LDFLAGS_value=
ac_cv_env_LIBS_set=
ac_cv_env_LIBS_value=
ac_cv_env_build_alias_set=
ac_cv_env_build_alias_value=
ac_cv_env_host_alias_set=set
ac_cv_env_host_alias_value=arm-linux
ac_cv_env_target_alias_set=set
ac_cv_env_target_alias_value=arm-linux
ac_cv_f77_compiler_gnu=no
ac_cv_func__doprnt=no
ac_cv_func_alloca_works=yes
ac_cv_func_bzero=no
ac_cv_func_dlopen=no
ac_cv_func_getpagesize=yes
ac_cv_func_gettimeofday=yes
ac_cv_func_lstat_dereferences_slashed_symlink=no
ac_cv_func_malloc_0_nonnull=no
ac_cv_func_memmove=yes
ac_cv_func_memset=yes
ac_cv_func_mmap_fixed_mapped=no
ac_cv_func_munmap=yes
ac_cv_func_select=yes
ac_cv_func_select_args='int,fd_set *,struct timeval *'
ac_cv_func_shl_load=no
ac_cv_func_stat_empty_string_bug=yes
ac_cv_func_strcasecmp=yes
ac_cv_func_strchr=yes
ac_cv_func_strdup=yes
ac_cv_func_strtoul=yes
ac_cv_func_vprintf=yes
ac_cv_header_dlfcn_h=yes
ac_cv_header_fcntl_h=yes
ac_cv_header_inttypes_h=yes
ac_cv_header_limits_h=yes
ac_cv_header_memory_h=yes
ac_cv_header_stdc=yes
ac_cv_header_stdint_h=yes
ac_cv_header_stdlib_h=yes
ac_cv_header_string_h=yes
ac_cv_header_strings_h=yes
ac_cv_header_sys_ioctl_h=yes
ac_cv_header_sys_select_h=yes
ac_cv_header_sys_socket_h=yes
ac_cv_header_sys_stat_h=yes
ac_cv_header_sys_time_h=yes
ac_cv_header_sys_types_h=yes
ac_cv_header_time=yes
ac_cv_header_unistd_h=yes
ac_cv_host=arm-unknown-linux-gnu
ac_cv_lib_dl_dlopen=yes
ac_cv_lib_dld_shl_load=no
ac_cv_objext=o
ac_cv_path_EGREP='/bin/grep -E'
ac_cv_path_GREP=/bin/grep
ac_cv_path_install='/usr/bin/install -c'
ac_cv_prog_AR=arm-linux-ar
ac_cv_prog_AWK=mawk
ac_cv_prog_CC='/usr/local/arm_linux_4.2/bin/arm-linux-gcc -static'
ac_cv_prog_CPP='/usr/local/arm_linux_4.2/bin/arm-linux-gcc -static -E'
ac_cv_prog_CXX=arm-linux-g++
ac_cv_prog_CXXCPP='arm-linux-g++ -E'
ac_cv_prog_RANLIB=arm-linux-ranlib
ac_cv_prog_STRIP=arm-linux-strip
ac_cv_prog_cc_c89=
ac_cv_prog_cc_g=yes
ac_cv_prog_cxx_g=yes
ac_cv_prog_f77_g=no
ac_cv_prog_gcc_traditional=no
ac_cv_prog_make_make_set=yes
ac_cv_type_signal=void
ac_cv_type_size_t=yes
ac_cv_working_alloca_h=yes
am_cv_CC_dependencies_compiler_type=gcc3
am_cv_CXX_dependencies_compiler_type=gcc3
bb_cv_cc_supports_hidden_visibility=yes
lt_cv_deplibs_check_method=pass_all
lt_cv_dlopen=dlopen
lt_cv_dlopen_libs=-ldl
lt_cv_dlopen_self=cross
lt_cv_file_magic_cmd='$MAGIC_CMD'
lt_cv_file_magic_test_file=
lt_cv_ld_reload_flag=-r
lt_cv_objdir=.libs
lt_cv_path_LD=/usr/local/arm_linux_4.2/arm-none-linux-gnueabi/bin/ld
lt_cv_path_LDCXX=/usr/local/arm_linux_4.2/arm-none-linux-gnueabi/bin/ld
lt_cv_path_NM='/usr/local/arm_linux_4.2/bin/arm-linux-nm -B'
lt_cv_path_SED=/bin/sed
lt_cv_prog_compiler_c_o=yes
lt_cv_prog_compiler_c_o_CXX=yes
lt_cv_prog_compiler_rtti_exceptions=no
lt_cv_prog_gnu_ld=yes
lt_cv_prog_gnu_ldcxx=yes
lt_cv_sys_global_symbol_pipe='sed -n -e '\''s/^.*[ 	]\([ABCDGIRSTW][ABCDGIRSTW]*\)[ 	][ 	]*\([_A-Za-z][_A-Za-z0-9]*\)$/\1 \2 \2/p'\'''
lt_cv_sys_global_symbol_to_c_name_address='sed -n -e '\''s/^: \([^ ]*\) $/  {\"\1\", (lt_ptr) 0},/p'\'' -e '\''s/^[BCDEGRST] \([^ ]*\) \([^ ]*\)$/  {"\2", (lt_ptr) \&\2},/p'\'''
lt_cv_sys_global_symbol_to_cdecl='sed -n -e '\''s/^. .* \(.*\)$/extern int \1;/p'\'''
lt_cv_sys_max_cmd_len=98304
lt_lt_cv_prog_compiler_c_o='"yes"'
lt_lt_cv_prog_compiler_c_o_CXX='"yes"'
lt_lt_cv_sys_global_symbol_pipe='"sed -n -e '\''s/^.*[ 	]\\([ABCDGIRSTW][ABCDGIRSTW]*\\)[ 	][ 	]*\\([_A-Za-z][_A-Za-z0-9]*\\)\$/\\1 \\2 \\2/p'\''"'
lt_lt_cv_sys_global_symbol_to_c_name_address='"sed -n -e '\''s/^: \\([^ ]*\\) \$/  {\\\"\\1\\\", (lt_ptr) 0},/p'\'' -e '\''s/^[BCDEGRST] \\([^ ]*\\) \\([^ ]*\\)\$/  {\"\\2\", (lt_ptr) \\&\\2},/p'\''"'
lt_lt_cv_sys_global_symbol_to_cdecl='"sed -n -e '\''s/^. .* \\(.*\\)\$/extern int \\1;/p'\''"'

## ----------------- ##
## Output variables. ##
## ----------------- ##

ACLOCAL='${SHELL} /home/ccwang/910BSP/W90XXXXBSP20080325/TestApp/gui/tslib-1.0/missing --run aclocal-1.9'
ALLOCA=''
AMDEPBACKSLASH='\'
AMDEP_FALSE='#'
AMDEP_TRUE=''
AMTAR='${SHELL} /home/ccwang/910BSP/W90XXXXBSP20080325/TestApp/gui/tslib-1.0/missing --run tar'
AR='arm-linux-ar'
AUTOCONF='${SHELL} /home/ccwang/910BSP/W90XXXXBSP20080325/TestApp/gui/tslib-1.0/missing --run autoconf'
AUTOHEADER='${SHELL} /home/ccwang/910BSP/W90XXXXBSP20080325/TestApp/gui/tslib-1.0/missing --run autoheader'
AUTOMAKE='${SHELL} /home/ccwang/910BSP/W90XXXXBSP20080325/TestApp/gui/tslib-1.0/missing --run automake-1.9'
AWK='mawk'
CC='/usr/local/arm_linux_4.2/bin/arm-linux-gcc -static'
CCDEPMODE='depmode=gcc3'
CFLAGS='-DGCC_HASCLASSVISIBILITY -O2 -Wall -W'
CPP='/usr/local/arm_linux_4.2/bin/arm-linux-gcc -static -E'
CPPFLAGS=''
CXX='arm-linux-g++'
CXXCPP='arm-linux-g++ -E'
CXXDEPMODE='depmode=gcc3'
CXXFLAGS='-g -O2'
CYGPATH_W='echo'
DEBUGFLAGS=''
DEFS='-DHAVE_CONFIG_H'
DEPDIR='.deps'
ECHO='echo'
ECHO_C=''
ECHO_N='-n'
ECHO_T=''
EGREP='/bin/grep -E'
ENABLE_ARCTIC2_MODULE_FALSE='#'
ENABLE_ARCTIC2_MODULE_TRUE=''
ENABLE_COLLIE_MODULE_FALSE='#'
ENABLE_COLLIE_MODULE_TRUE=''
ENABLE_CORGI_MODULE_FALSE='#'
ENABLE_CORGI_MODULE_TRUE=''
ENABLE_DEJITTER_MODULE_FALSE='#'
ENABLE_DEJITTER_MODULE_TRUE=''
ENABLE_H2200_LINEAR_MODULE_FALSE='#'
ENABLE_H2200_LINEAR_MODULE_TRUE=''
ENABLE_H3600_MODULE_FALSE='#'
ENABLE_H3600_MODULE_TRUE=''
ENABLE_INPUT_MODULE_FALSE='#'
ENABLE_INPUT_MODULE_TRUE=''
ENABLE_LINEAR_MODULE_FALSE='#'
ENABLE_LINEAR_MODULE_TRUE=''
ENABLE_MK712_MODULE_FALSE='#'
ENABLE_MK712_MODULE_TRUE=''
ENABLE_PTHRES_MODULE_FALSE='#'
ENABLE_PTHRES_MODULE_TRUE=''
ENABLE_UCB1X00_MODULE_FALSE='#'
ENABLE_UCB1X00_MODULE_TRUE=''
ENABLE_VARIANCE_MODULE_FALSE='#'
ENABLE_VARIANCE_MODULE_TRUE=''
EXEEXT=''
F77=''
FFLAGS=''
GREP='/bin/grep'
INSTALL_DATA='${INSTALL} -m 644'
INSTALL_PROGRAM='${INSTALL}'
INSTALL_SCRIPT='${INSTALL}'
INSTALL_STRIP_PROGRAM='${SHELL} $(install_sh) -c -s'
LDFLAGS=''
LIBFLAGS='-DTSLIB_INTERNAL'
LIBOBJS=' ${LIBOBJDIR}malloc$U.o ${LIBOBJDIR}lstat$U.o ${LIBOBJDIR}stat$U.o'
LIBS='-ldl '
LIBTOOL='$(SHELL) $(top_builddir)/libtool'
LN_S='ln -s'
LTLIBOBJS=' ${LIBOBJDIR}malloc$U.lo ${LIBOBJDIR}lstat$U.lo ${LIBOBJDIR}stat$U.lo'
LT_AGE='1'
LT_CURRENT='1'
LT_RELEASE='0.0'
LT_REVISION='1'
MAKEINFO='${SHELL} /home/ccwang/910BSP/W90XXXXBSP20080325/TestApp/gui/tslib-1.0/missing --run makeinfo'
OBJEXT='o'
PACKAGE='tslib'
PACKAGE_BUGREPORT='kergoth@handhelds.org'
PACKAGE_DESCRIPTION='Touchscreen Access Library'
PACKAGE_NAME='tslib'
PACKAGE_STRING='tslib 0.0.2'
PACKAGE_TARNAME='tslib'
PACKAGE_VERSION='0.0.2'
PATH_SEPARATOR=':'
PLUGIN_DIR='${libdir}/ts/'
RANLIB='arm-linux-ranlib'
SED='/bin/sed'
SET_MAKE=''
SHELL='/bin/bash'
STRIP='arm-linux-strip'
TS_CONF='${sysconfdir}/ts.conf'
VERSION='0.0.2'
VIS_CFLAGS='-fvisibility=hidden'
ac_ct_CC=''
ac_ct_CXX=''
ac_ct_F77=''
am__fastdepCC_FALSE='#'
am__fastdepCC_TRUE=''
am__fastdepCXX_FALSE='#'
am__fastdepCXX_TRUE=''
am__include='include'
am__leading_dot='.'
am__quote=''
am__tar='${AMTAR} chof - "$$tardir"'
am__untar='${AMTAR} xf -'
bindir='${exec_prefix}/bin'
build='i686-pc-linux-gnu'
build_alias=''
build_cpu='i686'
build_os='linux-gnu'
build_vendor='pc'
datadir='${datarootdir}'
datarootdir='${prefix}/share'
docdir='${datarootdir}/doc/${PACKAGE_TARNAME}'
dvidir='${docdir}'
exec_prefix='${prefix}'
host='arm-unknown-linux-gnu'
host_alias='arm-linux'
host_cpu='arm'
host_os='linux-gnu'
host_vendor='unknown'
htmldir='${docdir}'
includedir='${prefix}/include'
infodir='${datarootdir}/info'
install_sh='/home/ccwang/910BSP/W90XXXXBSP20080325/TestApp/gui/tslib-1.0/install-sh'
libdir='${exec_prefix}/lib'
libexecdir='${exec_prefix}/libexec'
localedir='${datarootdir}/locale'
localstatedir='${prefix}/var'
mandir='${datarootdir}/man'
mkdir_p='mkdir -p --'
oldincludedir='/usr/include'
pdfdir='${docdir}'
prefix='/home/ccwang/910BSP/W90XXXXBSP20080325/TestApp/gui/tslib-1.0/install'
program_transform_name='s,x,x,'
psdir='${docdir}'
sbindir='${exec_prefix}/sbin'
sharedstatedir='${prefix}/com'
sysconfdir='${prefix}/etc'
target_alias='arm-linux'

## ----------- ##
## confdefs.h. ##
## ----------- ##

#define PACKAGE_NAME "tslib"
#define PACKAGE_TARNAME "tslib"
#define PACKAGE_VERSION "0.0.2"
#define PACKAGE_STRING "tslib 0.0.2"
#define PACKAGE_BUGREPORT "kergoth@handhelds.org"
#define PACKAGE "tslib"
#define VERSION "0.0.2"
#define STDC_HEADERS 1
#define HAVE_SYS_TYPES_H 1
#define HAVE_SYS_STAT_H 1
#define HAVE_STDLIB_H 1
#define HAVE_STRING_H 1
#define HAVE_MEMORY_H 1
#define HAVE_STRINGS_H 1
#define HAVE_INTTYPES_H 1
#define HAVE_STDINT_H 1
#define HAVE_UNISTD_H 1
#define HAVE_DLFCN_H 1
#define HAVE_LIBDL 1
#define HAVE_ALLOCA_H 1
#define HAVE_ALLOCA 1
#define STDC_HEADERS 1
#define HAVE_FCNTL_H 1
#define HAVE_LIMITS_H 1
#define HAVE_STDLIB_H 1
#define HAVE_STRING_H 1
#define HAVE_SYS_IOCTL_H 1
#define HAVE_SYS_TIME_H 1
#define HAVE_UNISTD_H 1
#define TIME_WITH_SYS_TIME 1
#define HAVE_STDLIB_H 1
#define HAVE_MALLOC 0
#define malloc rpl_malloc
#define HAVE_STDLIB_H 1
#define HAVE_UNISTD_H 1
#define HAVE_GETPAGESIZE 1
#define HAVE_SYS_SELECT_H 1
#define HAVE_SYS_SOCKET_H 1
#define SELECT_TYPE_ARG1 int
#define SELECT_TYPE_ARG234 (fd_set *)
#define SELECT_TYPE_ARG5 (struct timeval *)
#define RETSIGTYPE void
#define HAVE_STAT_EMPTY_STRING_BUG 1
#define HAVE_VPRINTF 1
#define HAVE_GETTIMEOFDAY 1
#define HAVE_MEMMOVE 1
#define HAVE_MEMSET 1
#define HAVE_MUNMAP 1
#define HAVE_SELECT 1
#define HAVE_STRCASECMP 1
#define HAVE_STRCHR 1
#define HAVE_STRDUP 1
#define HAVE_STRTOUL 1

configure: exit 0

## ---------------------- ##
## Running config.status. ##
## ---------------------- ##

This file was extended by tslib config.status 0.0.2, which was
generated by GNU Autoconf 2.61.  Invocation command line was

  CONFIG_FILES    = 
  CONFIG_HEADERS  = 
  CONFIG_LINKS    = 
  CONFIG_COMMANDS = 
  $ ./config.status plugins/Makefile depfiles

on ccwang-laptop

config.status:700: creating plugins/Makefile
config.status:1010: executing depfiles commands
